  kdh_test9_vector.cpp
  kdh_test8_LessGreater.cpp
  kdh_test7_template.cpp
  kdh_test6.cpp
  kdh_test5.cpp
  kdh_test4_sort.cpp
  kdh_test3.cpp
  kdh_test2.cpp
  kdh_test17_vector_skill.cpp
c:\users\admin\documents\visual studio 2015\projects\project1\project1\kdh_test17_vector_skill.cpp(75): warning C4800: '__int64': 'true' 또는 'false'로 bool 값을 강제하고 있습니다(성능 경고).
c:\users\admin\documents\visual studio 2015\projects\project1\project1\kdh_test17_vector_skill.cpp(85): error C2679: 이항 '<<': 오른쪽 피연산자로 'const std::string' 형식을 사용하는 연산자가 없거나 허용되는 변환이 없습니다.
  c:\program files (x86)\microsoft visual studio 14.0\vc\include\ostream(495): note: 'std::basic_ostream<char,std::char_traits<char>> &std::basic_ostream<char,std::char_traits<char>>::operator <<(std::basic_streambuf<char,std::char_traits<char>> *)'일 수 있습니다.
  c:\program files (x86)\microsoft visual studio 14.0\vc\include\ostream(475): note: 또는       'std::basic_ostream<char,std::char_traits<char>> &std::basic_ostream<char,std::char_traits<char>>::operator <<(const void *)'
  c:\program files (x86)\microsoft visual studio 14.0\vc\include\ostream(455): note: 또는       'std::basic_ostream<char,std::char_traits<char>> &std::basic_ostream<char,std::char_traits<char>>::operator <<(long double)'
  c:\program files (x86)\microsoft visual studio 14.0\vc\include\ostream(435): note: 또는       'std::basic_ostream<char,std::char_traits<char>> &std::basic_ostream<char,std::char_traits<char>>::operator <<(double)'
  c:\program files (x86)\microsoft visual studio 14.0\vc\include\ostream(415): note: 또는       'std::basic_ostream<char,std::char_traits<char>> &std::basic_ostream<char,std::char_traits<char>>::operator <<(float)'
  c:\program files (x86)\microsoft visual studio 14.0\vc\include\ostream(395): note: 또는       'std::basic_ostream<char,std::char_traits<char>> &std::basic_ostream<char,std::char_traits<char>>::operator <<(unsigned __int64)'
  c:\program files (x86)\microsoft visual studio 14.0\vc\include\ostream(375): note: 또는       'std::basic_ostream<char,std::char_traits<char>> &std::basic_ostream<char,std::char_traits<char>>::operator <<(__int64)'
  c:\program files (x86)\microsoft visual studio 14.0\vc\include\ostream(355): note: 또는       'std::basic_ostream<char,std::char_traits<char>> &std::basic_ostream<char,std::char_traits<char>>::operator <<(unsigned long)'
  c:\program files (x86)\microsoft visual studio 14.0\vc\include\ostream(335): note: 또는       'std::basic_ostream<char,std::char_traits<char>> &std::basic_ostream<char,std::char_traits<char>>::operator <<(long)'
  c:\program files (x86)\microsoft visual studio 14.0\vc\include\ostream(315): note: 또는       'std::basic_ostream<char,std::char_traits<char>> &std::basic_ostream<char,std::char_traits<char>>::operator <<(unsigned int)'
  c:\program files (x86)\microsoft visual studio 14.0\vc\include\ostream(290): note: 또는       'std::basic_ostream<char,std::char_traits<char>> &std::basic_ostream<char,std::char_traits<char>>::operator <<(int)'
  c:\program files (x86)\microsoft visual studio 14.0\vc\include\ostream(270): note: 또는       'std::basic_ostream<char,std::char_traits<char>> &std::basic_ostream<char,std::char_traits<char>>::operator <<(unsigned short)'
  c:\program files (x86)\microsoft visual studio 14.0\vc\include\ostream(236): note: 또는       'std::basic_ostream<char,std::char_traits<char>> &std::basic_ostream<char,std::char_traits<char>>::operator <<(short)'
  c:\program files (x86)\microsoft visual studio 14.0\vc\include\ostream(216): note: 또는       'std::basic_ostream<char,std::char_traits<char>> &std::basic_ostream<char,std::char_traits<char>>::operator <<(bool)'
  c:\program files (x86)\microsoft visual studio 14.0\vc\include\ostream(209): note: 또는       'std::basic_ostream<char,std::char_traits<char>> &std::basic_ostream<char,std::char_traits<char>>::operator <<(std::ios_base &(__cdecl *)(std::ios_base &))'
  c:\program files (x86)\microsoft visual studio 14.0\vc\include\ostream(202): note: 또는       'std::basic_ostream<char,std::char_traits<char>> &std::basic_ostream<char,std::char_traits<char>>::operator <<(std::basic_ios<char,std::char_traits<char>> &(__cdecl *)(std::basic_ios<char,std::char_traits<char>> &))'
  c:\program files (x86)\microsoft visual studio 14.0\vc\include\ostream(196): note: 또는       'std::basic_ostream<char,std::char_traits<char>> &std::basic_ostream<char,std::char_traits<char>>::operator <<(std::basic_ostream<char,std::char_traits<char>> &(__cdecl *)(std::basic_ostream<char,std::char_traits<char>> &))'
  c:\program files (x86)\microsoft visual studio 14.0\vc\include\ostream(1019): note: 또는       'std::basic_ostream<char,std::char_traits<char>> &std::operator <<<char,std::char_traits<char>>(std::basic_ostream<char,std::char_traits<char>> &,const std::error_code &)'
  c:\program files (x86)\microsoft visual studio 14.0\vc\include\ostream(981): note: 또는       'std::basic_ostream<char,std::char_traits<char>> &std::operator <<<char,std::char_traits<char>,const _Ty1>(std::basic_ostream<char,std::char_traits<char>> &&,const _Ty &)'
          with
          [
              _Ty1=std::string,
              _Ty=std::string
          ]
  c:\program files (x86)\microsoft visual studio 14.0\vc\include\ostream(971): note: 또는       'std::basic_ostream<char,std::char_traits<char>> &std::operator <<<std::char_traits<char>>(std::basic_ostream<char,std::char_traits<char>> &,unsigned char)'
  c:\program files (x86)\microsoft visual studio 14.0\vc\include\ostream(964): note: 또는       'std::basic_ostream<char,std::char_traits<char>> &std::operator <<<std::char_traits<char>>(std::basic_ostream<char,std::char_traits<char>> &,const unsigned char *)'
  c:\program files (x86)\microsoft visual studio 14.0\vc\include\ostream(957): note: 또는       'std::basic_ostream<char,std::char_traits<char>> &std::operator <<<std::char_traits<char>>(std::basic_ostream<char,std::char_traits<char>> &,signed char)'
  c:\program files (x86)\microsoft visual studio 14.0\vc\include\ostream(950): note: 또는       'std::basic_ostream<char,std::char_traits<char>> &std::operator <<<std::char_traits<char>>(std::basic_ostream<char,std::char_traits<char>> &,const signed char *)'
  c:\program files (x86)\microsoft visual studio 14.0\vc\include\ostream(824): note: 또는       'std::basic_ostream<char,std::char_traits<char>> &std::operator <<<std::char_traits<char>>(std::basic_ostream<char,std::char_traits<char>> &,char)'
  c:\program files (x86)\microsoft visual studio 14.0\vc\include\ostream(777): note: 또는       'std::basic_ostream<char,std::char_traits<char>> &std::operator <<<std::char_traits<char>>(std::basic_ostream<char,std::char_traits<char>> &,const char *)'
  c:\program files (x86)\microsoft visual studio 14.0\vc\include\ostream(739): note: 또는       'std::basic_ostream<char,std::char_traits<char>> &std::operator <<<char,std::char_traits<char>>(std::basic_ostream<char,std::char_traits<char>> &,char)'
  c:\program files (x86)\microsoft visual studio 14.0\vc\include\ostream(692): note: 또는       'std::basic_ostream<char,std::char_traits<char>> &std::operator <<<char,std::char_traits<char>>(std::basic_ostream<char,std::char_traits<char>> &,const char *)'
  c:\users\admin\documents\visual studio 2015\projects\project1\project1\kdh_test17_vector_skill.cpp(85): note: 인수 목록 '(std::ostream, const std::string)'을(를) 일치시키는 동안
  kdh_test16_count, equal.cpp
c:\users\admin\documents\visual studio 2015\projects\project1\project1\kdh_test16_count, equal.cpp(63): warning C4244: '=': '__int64'에서 'int'(으)로 변환하면서 데이터가 손실될 수 있습니다.
c:\users\admin\documents\visual studio 2015\projects\project1\project1\kdh_test16_count, equal.cpp(67): warning C4800: '__int64': 'true' 또는 'false'로 bool 값을 강제하고 있습니다(성능 경고).
  kdh_test15_multimap.cpp
c:\users\admin\documents\visual studio 2015\projects\project1\project1\kdh_test15_multimap.cpp(93): warning C4101: 'Fi' :참조되지 않은 지역 변수입니다.
  kdh_test14_map.cpp
  kdh_test13_set.cpp
  kdh_test12_vectorSTL.cpp
  kdh_test11_interface_compare.cpp
  kdh_test10_adepter.cpp
c:\users\admin\documents\visual studio 2015\projects\project1\project1\kdh_test10_adepter.cpp(51): warning C4267: '초기화 중': 'size_t'에서 'int'(으)로 변환하면서 데이터가 손실될 수 있습니다.
  base_c.cpp
  코드를 생성하고 있습니다...
